# JRE version: OpenJDK Runtime Environment (7.0_65-b32) (build 1.7.0_65-b32)
# Java VM: OpenJDK 64-Bit Server VM (24.65-b04 mixed mode linux-amd64 compressed oops)
Heap
 PSYoungGen      total 213504K, used 68112K [0x00000000f0000000, 0x0000000100000000, 0x0000000100000000)
  eden space 200704K, 33% used [0x00000000f0000000,0x00000000f4284128,0x00000000fc400000)
  from space 12800K, 0% used [0x00000000ff380000,0x00000000ff380000,0x0000000100000000)
  to   space 30720K, 0% used [0x00000000fc400000,0x00000000fc400000,0x00000000fe200000)
 ParOldGen       total 132608K, used 65041K [0x00000000d0000000, 0x00000000d8180000, 0x00000000f0000000)
  object space 132608K, 49% used [0x00000000d0000000,0x00000000d3f84798,0x00000000d8180000)
 PSPermGen       total 102912K, used 57696K [0x00000000b8000000, 0x00000000be480000, 0x00000000d0000000)
  object space 102912K, 56% used [0x00000000b8000000,0x00000000bb858310,0x00000000be480000)
GC Heap History (10 events):
Event: 36,757 GC heap before
{Heap before GC invocations=9 (full 0):
 PSYoungGen      total 249344K, used 243072K [0x00000000f0000000, 0x0000000100000000, 0x0000000100000000)
  eden space 236544K, 100% used [0x00000000f0000000,0x00000000fe700000,0x00000000fe700000)
  from space 12800K, 51% used [0x00000000ff380000,0x00000000ff9e0000,0x0000000100000000)
  to   space 12800K, 0% used [0x00000000fe700000,0x00000000fe700000,0x00000000ff380000)
 ParOldGen       total 83968K, used 22694K [0x00000000d0000000, 0x00000000d5200000, 0x00000000f0000000)
  object space 83968K, 27% used [0x00000000d0000000,0x00000000d1629ba8,0x00000000d5200000)
 PSPermGen       total 36864K, used 36512K [0x00000000b8000000, 0x00000000ba400000, 0x00000000d0000000)
  object space 36864K, 99% used [0x00000000b8000000,0x00000000ba3a8058,0x00000000ba400000)
Event: 36,794 GC heap after
Heap after GC invocations=9 (full 0):
 PSYoungGen      total 249344K, used 7648K [0x00000000f0000000, 0x0000000100000000, 0x0000000100000000)
  eden space 236544K, 0% used [0x00000000f0000000,0x00000000f0000000,0x00000000fe700000)
  from space 12800K, 59% used [0x00000000fe700000,0x00000000fee78000,0x00000000ff380000)
  to   space 12800K, 0% used [0x00000000ff380000,0x00000000ff380000,0x0000000100000000)
 ParOldGen       total 83968K, used 24397K [0x00000000d0000000, 0x00000000d5200000, 0x00000000f0000000)
  object space 83968K, 29% used [0x00000000d0000000,0x00000000d17d35b8,0x00000000d5200000)
 PSPermGen       total 36864K, used 36512K [0x00000000b8000000, 0x00000000ba400000, 0x00000000d0000000)
  object space 36864K, 99% used [0x00000000b8000000,0x00000000ba3a8058,0x00000000ba400000)
}
Event: 37,948 GC heap before
{Heap before GC invocations=10 (full 0):
 PSYoungGen      total 249344K, used 244192K [0x00000000f0000000, 0x0000000100000000, 0x0000000100000000)
  eden space 236544K, 100% used [0x00000000f0000000,0x00000000fe700000,0x00000000fe700000)
  from space 12800K, 59% used [0x00000000fe700000,0x00000000fee78000,0x00000000ff380000)
  to   space 12800K, 0% used [0x00000000ff380000,0x00000000ff380000,0x0000000100000000)
 ParOldGen       total 83968K, used 24397K [0x00000000d0000000, 0x00000000d5200000, 0x00000000f0000000)
  object space 83968K, 29% used [0x00000000d0000000,0x00000000d17d35b8,0x00000000d5200000)
 PSPermGen       total 36864K, used 36525K [0x00000000b8000000, 0x00000000ba400000, 0x00000000d0000000)
  object space 36864K, 99% used [0x00000000b8000000,0x00000000ba3ab508,0x00000000ba400000)
Event: 37,981 GC heap after
Heap after GC invocations=10 (full 0):
 PSYoungGen      total 249344K, used 5472K [0x00000000f0000000, 0x0000000100000000, 0x0000000100000000)
  eden space 236544K, 0% used [0x00000000f0000000,0x00000000f0000000,0x00000000fe700000)
  from space 12800K, 42% used [0x00000000ff380000,0x00000000ff8d8000,0x0000000100000000)
  to   space 12800K, 0% used [0x00000000fe700000,0x00000000fe700000,0x00000000ff380000)
 ParOldGen       total 83968K, used 27841K [0x00000000d0000000, 0x00000000d5200000, 0x00000000f0000000)
  object space 83968K, 33% used [0x00000000d0000000,0x00000000d1b305c8,0x00000000d5200000)
 PSPermGen       total 36864K, used 36525K [0x00000000b8000000, 0x00000000ba400000, 0x00000000d0000000)
  object space 36864K, 99% used [0x00000000b8000000,0x00000000ba3ab508,0x00000000ba400000)
}
Event: 41,148 GC heap before
{Heap before GC invocations=11 (full 0):
 PSYoungGen      total 249344K, used 242016K [0x00000000f0000000, 0x0000000100000000, 0x0000000100000000)
  eden space 236544K, 100% used [0x00000000f0000000,0x00000000fe700000,0x00000000fe700000)
  from space 12800K, 42% used [0x00000000ff380000,0x00000000ff8d8000,0x0000000100000000)
  to   space 12800K, 0% used [0x00000000fe700000,0x00000000fe700000,0x00000000ff380000)
 ParOldGen       total 83968K, used 27841K [0x00000000d0000000, 0x00000000d5200000, 0x00000000f0000000)
  object space 83968K, 33% used [0x00000000d0000000,0x00000000d1b305c8,0x00000000d5200000)
 PSPermGen       total 43008K, used 42788K [0x00000000b8000000, 0x00000000baa00000, 0x00000000d0000000)
  object space 43008K, 99% used [0x00000000b8000000,0x00000000ba9c9398,0x00000000baa00000)
Event: 41,194 GC heap after
Heap after GC invocations=11 (full 0):
 PSYoungGen      total 249344K, used 9974K [0x00000000f0000000, 0x0000000100000000, 0x0000000100000000)
  eden space 236544K, 0% used [0x00000000f0000000,0x00000000f0000000,0x00000000fe700000)
  from space 12800K, 77% used [0x00000000fe700000,0x00000000ff0bda80,0x00000000ff380000)
  to   space 12800K, 0% used [0x00000000ff380000,0x00000000ff380000,0x0000000100000000)
 ParOldGen       total 83968K, used 32519K [0x00000000d0000000, 0x00000000d5200000, 0x00000000f0000000)
  object space 83968K, 38% used [0x00000000d0000000,0x00000000d1fc1ff8,0x00000000d5200000)
 PSPermGen       total 43008K, used 42788K [0x00000000b8000000, 0x00000000baa00000, 0x00000000d0000000)
  object space 43008K, 99% used [0x00000000b8000000,0x00000000ba9c9398,0x00000000baa00000)
}
Event: 45,411 GC heap before
{Heap before GC invocations=12 (full 0):
 PSYoungGen      total 249344K, used 246518K [0x00000000f0000000, 0x0000000100000000, 0x0000000100000000)
  eden space 236544K, 100% used [0x00000000f0000000,0x00000000fe700000,0x00000000fe700000)
  from space 12800K, 77% used [0x00000000fe700000,0x00000000ff0bda80,0x00000000ff380000)
  to   space 12800K, 0% used [0x00000000ff380000,0x00000000ff380000,0x0000000100000000)
 ParOldGen       total 83968K, used 32520K [0x00000000d0000000, 0x00000000d5200000, 0x00000000f0000000)
  object space 83968K, 38% used [0x00000000d0000000,0x00000000d1fc2010,0x00000000d5200000)
 PSPermGen       total 51712K, used 51458K [0x00000000b8000000, 0x00000000bb280000, 0x00000000d0000000)
  object space 51712K, 99% used [0x00000000b8000000,0x00000000bb240930,0x00000000bb280000)
Event: 45,618 GC heap after
Heap after GC invocations=12 (full 0):
 PSYoungGen      total 213504K, used 12780K [0x00000000f0000000, 0x0000000100000000, 0x0000000100000000)
  eden space 200704K, 0% used [0x00000000f0000000,0x00000000f0000000,0x00000000fc400000)
  from space 12800K, 99% used [0x00000000ff380000,0x00000000ffffb238,0x0000000100000000)
  to   space 30720K, 0% used [0x00000000fc400000,0x00000000fc400000,0x00000000fe200000)
 ParOldGen       total 83968K, used 76848K [0x00000000d0000000, 0x00000000d5200000, 0x00000000f0000000)
  object space 83968K, 91% used [0x00000000d0000000,0x00000000d4b0c2f8,0x00000000d5200000)
 PSPermGen       total 51712K, used 51458K [0x00000000b8000000, 0x00000000bb280000, 0x00000000d0000000)
  object space 51712K, 99% used [0x00000000b8000000,0x00000000bb240930,0x00000000bb280000)
}
Event: 45,618 GC heap before
{Heap before GC invocations=13 (full 1):
 PSYoungGen      total 213504K, used 12780K [0x00000000f0000000, 0x0000000100000000, 0x0000000100000000)
  eden space 200704K, 0% used [0x00000000f0000000,0x00000000f0000000,0x00000000fc400000)
  from space 12800K, 99% used [0x00000000ff380000,0x00000000ffffb238,0x0000000100000000)
  to   space 30720K, 0% used [0x00000000fc400000,0x00000000fc400000,0x00000000fe200000)
 ParOldGen       total 83968K, used 76848K [0x00000000d0000000, 0x00000000d5200000, 0x00000000f0000000)
  object space 83968K, 91% used [0x00000000d0000000,0x00000000d4b0c2f8,0x00000000d5200000)
 PSPermGen       total 51712K, used 51458K [0x00000000b8000000, 0x00000000bb280000, 0x00000000d0000000)
  object space 51712K, 99% used [0x00000000b8000000,0x00000000bb240930,0x00000000bb280000)
Event: 46,574 GC heap after
Heap after GC invocations=13 (full 1):
 PSYoungGen      total 213504K, used 0K [0x00000000f0000000, 0x0000000100000000, 0x0000000100000000)
  eden space 200704K, 0% used [0x00000000f0000000,0x00000000f0000000,0x00000000fc400000)
  from space 12800K, 0% used [0x00000000ff380000,0x00000000ff380000,0x0000000100000000)
  to   space 30720K, 0% used [0x00000000fc400000,0x00000000fc400000,0x00000000fe200000)
 ParOldGen       total 132608K, used 65041K [0x00000000d0000000, 0x00000000d8180000, 0x00000000f0000000)
  object space 132608K, 49% used [0x00000000d0000000,0x00000000d3f84798,0x00000000d8180000)
 PSPermGen       total 102912K, used 51390K [0x00000000b8000000, 0x00000000be480000, 0x00000000d0000000)
  object space 102912K, 49% used [0x00000000b8000000,0x00000000bb22f8d0,0x00000000be480000)
}

