# JRE version: Java(TM) SE Runtime Environment (8.0_25-b17) (build 1.8.0_25-b17)
# Java VM: Java HotSpot(TM) 64-Bit Server VM (25.25-b02 mixed mode linux-amd64 compressed oops)
Heap:
 PSYoungGen      total 286208K, used 161754K [0x00000000eab00000, 0x0000000100000000, 0x0000000100000000)
  eden space 224256K, 67% used [0x00000000eab00000,0x00000000f3fd69c8,0x00000000f8600000)
  from space 61952K, 15% used [0x00000000f8600000,0x00000000f8f20020,0x00000000fc280000)
  to   space 60416K, 0% used [0x00000000fc500000,0x00000000fc500000,0x0000000100000000)
 ParOldGen       total 699392K, used 19348K [0x00000000c0000000, 0x00000000eab00000, 0x00000000eab00000)
  object space 699392K, 2% used [0x00000000c0000000,0x00000000c12e5108,0x00000000eab00000)
 Metaspace       used 67435K, capacity 67906K, committed 68096K, reserved 1105920K
  class space    used 12361K, capacity 12501K, committed 12544K, reserved 1048576K
GC Heap History (10 events):
Event: 36,255 GC heap before
{Heap before GC invocations=6 (full 0):
 PSYoungGen      total 277504K, used 277046K [0x00000000eab00000, 0x0000000100000000, 0x0000000100000000)
  eden space 262144K, 100% used [0x00000000eab00000,0x00000000fab00000,0x00000000fab00000)
  from space 15360K, 97% used [0x00000000fab00000,0x00000000fb98da20,0x00000000fba00000)
  to   space 68608K, 0% used [0x00000000fbd00000,0x00000000fbd00000,0x0000000100000000)
 ParOldGen       total 699392K, used 23702K [0x00000000c0000000, 0x00000000eab00000, 0x00000000eab00000)
  object space 699392K, 3% used [0x00000000c0000000,0x00000000c1725bc0,0x00000000eab00000)
 Metaspace       used 60987K, capacity 61446K, committed 61824K, reserved 1099776K
  class space    used 11139K, capacity 11293K, committed 11392K, reserved 1048576K
Event: 36,344 GC heap after
Heap after GC invocations=6 (full 0):
 PSYoungGen      total 284672K, used 20138K [0x00000000eab00000, 0x0000000100000000, 0x0000000100000000)
  eden space 216064K, 0% used [0x00000000eab00000,0x00000000eab00000,0x00000000f7e00000)
  from space 68608K, 29% used [0x00000000fbd00000,0x00000000fd0aa808,0x0000000100000000)
  to   space 64512K, 0% used [0x00000000f7e00000,0x00000000f7e00000,0x00000000fbd00000)
 ParOldGen       total 699392K, used 23702K [0x00000000c0000000, 0x00000000eab00000, 0x00000000eab00000)
  object space 699392K, 3% used [0x00000000c0000000,0x00000000c1725bc0,0x00000000eab00000)
 Metaspace       used 60987K, capacity 61446K, committed 61824K, reserved 1099776K
  class space    used 11139K, capacity 11293K, committed 11392K, reserved 1048576K
}
Event: 38,112 GC heap before
{Heap before GC invocations=7 (full 0):
 PSYoungGen      total 284672K, used 133671K [0x00000000eab00000, 0x0000000100000000, 0x0000000100000000)
  eden space 216064K, 52% used [0x00000000eab00000,0x00000000f19df550,0x00000000f7e00000)
  from space 68608K, 29% used [0x00000000fbd00000,0x00000000fd0aa808,0x0000000100000000)
  to   space 64512K, 0% used [0x00000000f7e00000,0x00000000f7e00000,0x00000000fbd00000)
 ParOldGen       total 699392K, used 23702K [0x00000000c0000000, 0x00000000eab00000, 0x00000000eab00000)
  object space 699392K, 3% used [0x00000000c0000000,0x00000000c1725bc0,0x00000000eab00000)
 Metaspace       used 64936K, capacity 65350K, committed 65536K, reserved 1103872K
  class space    used 11767K, capacity 11933K, committed 12032K, reserved 1048576K
Event: 38,191 GC heap after
Heap after GC invocations=7 (full 0):
 PSYoungGen      total 280576K, used 12121K [0x00000000eab00000, 0x0000000100000000, 0x0000000100000000)
  eden space 216064K, 0% used [0x00000000eab00000,0x00000000eab00000,0x00000000f7e00000)
  from space 64512K, 18% used [0x00000000f7e00000,0x00000000f89d64f8,0x00000000fbd00000)
  to   space 62976K, 0% used [0x00000000fc280000,0x00000000fc280000,0x0000000100000000)
 ParOldGen       total 699392K, used 31631K [0x00000000c0000000, 0x00000000eab00000, 0x00000000eab00000)
  object space 699392K, 4% used [0x00000000c0000000,0x00000000c1ee3d80,0x00000000eab00000)
 Metaspace       used 64936K, capacity 65350K, committed 65536K, reserved 1103872K
  class space    used 11767K, capacity 11933K, committed 12032K, reserved 1048576K
}
Event: 38,191 GC heap before
{Heap before GC invocations=8 (full 1):
 PSYoungGen      total 280576K, used 12121K [0x00000000eab00000, 0x0000000100000000, 0x0000000100000000)
  eden space 216064K, 0% used [0x00000000eab00000,0x00000000eab00000,0x00000000f7e00000)
  from space 64512K, 18% used [0x00000000f7e00000,0x00000000f89d64f8,0x00000000fbd00000)
  to   space 62976K, 0% used [0x00000000fc280000,0x00000000fc280000,0x0000000100000000)
 ParOldGen       total 699392K, used 31631K [0x00000000c0000000, 0x00000000eab00000, 0x00000000eab00000)
  object space 699392K, 4% used [0x00000000c0000000,0x00000000c1ee3d80,0x00000000eab00000)
 Metaspace       used 64936K, capacity 65350K, committed 65536K, reserved 1103872K
  class space    used 11767K, capacity 11933K, committed 12032K, reserved 1048576K
Event: 38,541 GC heap after
Heap after GC invocations=8 (full 1):
 PSYoungGen      total 280576K, used 0K [0x00000000eab00000, 0x0000000100000000, 0x0000000100000000)
  eden space 216064K, 0% used [0x00000000eab00000,0x00000000eab00000,0x00000000f7e00000)
  from space 64512K, 0% used [0x00000000f7e00000,0x00000000f7e00000,0x00000000fbd00000)
  to   space 62976K, 0% used [0x00000000fc280000,0x00000000fc280000,0x0000000100000000)
 ParOldGen       total 699392K, used 19348K [0x00000000c0000000, 0x00000000eab00000, 0x00000000eab00000)
  object space 699392K, 2% used [0x00000000c0000000,0x00000000c12e5108,0x00000000eab00000)
 Metaspace       used 63378K, capacity 63730K, committed 65536K, reserved 1103872K
  class space    used 11557K, capacity 11685K, committed 12032K, reserved 1048576K
}
Event: 41,000 GC heap before
{Heap before GC invocations=9 (full 1):
 PSYoungGen      total 280576K, used 216064K [0x00000000eab00000, 0x0000000100000000, 0x0000000100000000)
  eden space 216064K, 100% used [0x00000000eab00000,0x00000000f7e00000,0x00000000f7e00000)
  from space 64512K, 0% used [0x00000000f7e00000,0x00000000f7e00000,0x00000000fbd00000)
  to   space 62976K, 0% used [0x00000000fc280000,0x00000000fc280000,0x0000000100000000)
 ParOldGen       total 699392K, used 19348K [0x00000000c0000000, 0x00000000eab00000, 0x00000000eab00000)
  object space 699392K, 2% used [0x00000000c0000000,0x00000000c12e5108,0x00000000eab00000)
 Metaspace       used 64271K, capacity 64626K, committed 65536K, reserved 1103872K
  class space    used 11780K, capacity 11877K, committed 12032K, reserved 1048576K
Event: 41,047 GC heap after
Heap after GC invocations=9 (full 1):
 PSYoungGen      total 287232K, used 6704K [0x00000000eab00000, 0x0000000100000000, 0x0000000100000000)
  eden space 224256K, 0% used [0x00000000eab00000,0x00000000eab00000,0x00000000f8600000)
  from space 62976K, 10% used [0x00000000fc280000,0x00000000fc90c010,0x0000000100000000)
  to   space 61952K, 0% used [0x00000000f8600000,0x00000000f8600000,0x00000000fc280000)
 ParOldGen       total 699392K, used 19348K [0x00000000c0000000, 0x00000000eab00000, 0x00000000eab00000)
  object space 699392K, 2% used [0x00000000c0000000,0x00000000c12e5108,0x00000000eab00000)
 Metaspace       used 64271K, capacity 64626K, committed 65536K, reserved 1103872K
  class space    used 11780K, capacity 11877K, committed 12032K, reserved 1048576K
}
Event: 42,754 GC heap before
{Heap before GC invocations=10 (full 1):
 PSYoungGen      total 287232K, used 230960K [0x00000000eab00000, 0x0000000100000000, 0x0000000100000000)
  eden space 224256K, 100% used [0x00000000eab00000,0x00000000f8600000,0x00000000f8600000)
  from space 62976K, 10% used [0x00000000fc280000,0x00000000fc90c010,0x0000000100000000)
  to   space 61952K, 0% used [0x00000000f8600000,0x00000000f8600000,0x00000000fc280000)
 ParOldGen       total 699392K, used 19348K [0x00000000c0000000, 0x00000000eab00000, 0x00000000eab00000)
  object space 699392K, 2% used [0x00000000c0000000,0x00000000c12e5108,0x00000000eab00000)
 Metaspace       used 64356K, capacity 64754K, committed 65536K, reserved 1103872K
  class space    used 11780K, capacity 11877K, committed 12032K, reserved 1048576K
Event: 42,792 GC heap after
Heap after GC invocations=10 (full 1):
 PSYoungGen      total 286208K, used 9344K [0x00000000eab00000, 0x0000000100000000, 0x0000000100000000)
  eden space 224256K, 0% used [0x00000000eab00000,0x00000000eab00000,0x00000000f8600000)
  from space 61952K, 15% used [0x00000000f8600000,0x00000000f8f20020,0x00000000fc280000)
  to   space 60416K, 0% used [0x00000000fc500000,0x00000000fc500000,0x0000000100000000)
 ParOldGen       total 699392K, used 19348K [0x00000000c0000000, 0x00000000eab00000, 0x00000000eab00000)
  object space 699392K, 2% used [0x00000000c0000000,0x00000000c12e5108,0x00000000eab00000)
 Metaspace       used 64356K, capacity 64754K, committed 65536K, reserved 1103872K
  class space    used 11780K, capacity 11877K, committed 12032K, reserved 1048576K
}

